[2023-11-20 11:59:09] local.ERROR: SQLSTATE[23000]: Integrity constraint violation: 1048 Column 'salary' cannot be null (SQL: insert into `employees` (`name`, `email`, `phone`, `salary`, `address`, `nid`, `joining_date`, `photo`, `updated_at`, `created_at`) values (ingrid, ingridsaragih3@gmail.com, 081265728447, ?, jalan mulawarman 1 no 25, 7, 2000-01-25, backend/employee/1700459949.png, 2023-11-20 11:59:09, 2023-11-20 11:59:09)) {"exception":"[object] (Illuminate\\Database\\QueryException(code: 23000): SQLSTATE[23000]: Integrity constraint violation: 1048 Column 'salary' cannot be null (SQL: insert into `employees` (`name`, `email`, `phone`, `salary`, `address`, `nid`, `joining_date`, `photo`, `updated_at`, `created_at`) values (ingrid, ingridsaragih3@gmail.com, 081265728447, ?, jalan mulawarman 1 no 25, 7, 2000-01-25, backend/employee/1700459949.png, 2023-11-20 11:59:09, 2023-11-20 11:59:09)) at C:\\JEWISRA\\Inventory-Management-System-Laravel-SPA\\vendor\\laravel\\framework\\src\\Illuminate\\Database\\Connection.php:671)
[stacktrace]
#0 C:\\JEWISRA\\Inventory-Management-System-Laravel-SPA\\vendor\\laravel\\framework\\src\\Illuminate\\Database\\Connection.php(631): Illuminate\\Database\\Connection->runQueryCallback('insert into `em...', Array, Object(Closure))
#1 C:\\JEWISRA\\Inventory-Management-System-Laravel-SPA\\vendor\\laravel\\framework\\src\\Illuminate\\Database\\Connection.php(465): Illuminate\\Database\\Connection->run('insert into `em...', Array, Object(Closure))
#2 C:\\JEWISRA\\Inventory-Management-System-Laravel-SPA\\vendor\\laravel\\framework\\src\\Illuminate\\Database\\Connection.php(417): Illuminate\\Database\\Connection->statement('insert into `em...', Array)
#3 C:\\JEWISRA\\Inventory-Management-System-Laravel-SPA\\vendor\\laravel\\framework\\src\\Illuminate\\Database\\Query\\Processors\\Processor.php(32): Illuminate\\Database\\Connection->insert('insert into `em...', Array)
#4 C:\\JEWISRA\\Inventory-Management-System-Laravel-SPA\\vendor\\laravel\\framework\\src\\Illuminate\\Database\\Query\\Builder.php(2839): Illuminate\\Database\\Query\\Processors\\Processor->processInsertGetId(Object(Illuminate\\Database\\Query\\Builder), 'insert into `em...', Array, 'id')
#5 C:\\JEWISRA\\Inventory-Management-System-Laravel-SPA\\vendor\\laravel\\framework\\src\\Illuminate\\Database\\Eloquent\\Builder.php(1422): Illuminate\\Database\\Query\\Builder->insertGetId(Array, 'id')
#6 C:\\JEWISRA\\Inventory-Management-System-Laravel-SPA\\vendor\\laravel\\framework\\src\\Illuminate\\Database\\Eloquent\\Model.php(902): Illuminate\\Database\\Eloquent\\Builder->__call('insertGetId', Array)
#7 C:\\JEWISRA\\Inventory-Management-System-Laravel-SPA\\vendor\\laravel\\framework\\src\\Illuminate\\Database\\Eloquent\\Model.php(867): Illuminate\\Database\\Eloquent\\Model->insertAndSetId(Object(Illuminate\\Database\\Eloquent\\Builder), Array)
#8 C:\\JEWISRA\\Inventory-Management-System-Laravel-SPA\\vendor\\laravel\\framework\\src\\Illuminate\\Database\\Eloquent\\Model.php(730): Illuminate\\Database\\Eloquent\\Model->performInsert(Object(Illuminate\\Database\\Eloquent\\Builder))
#9 C:\\JEWISRA\\Inventory-Management-System-Laravel-SPA\\app\\Http\\Controllers\\Api\\EmployeeController.php(58): Illuminate\\Database\\Eloquent\\Model->save()
#10 C:\\JEWISRA\\Inventory-Management-System-Laravel-SPA\\vendor\\laravel\\framework\\src\\Illuminate\\Routing\\Controller.php(54): App\\Http\\Controllers\\Api\\EmployeeController->store(Object(Illuminate\\Http\\Request))
#11 C:\\JEWISRA\\Inventory-Management-System-Laravel-SPA\\vendor\\laravel\\framework\\src\\Illuminate\\Routing\\ControllerDispatcher.php(45): Illuminate\\Routing\\Controller->callAction('store', Array)
#12 C:\\JEWISRA\\Inventory-Management-System-Laravel-SPA\\vendor\\laravel\\framework\\src\\Illuminate\\Routing\\Route.php(239): Illuminate\\Routing\\ControllerDispatcher->dispatch(Object(Illuminate\\Routing\\Route), Object(App\\Http\\Controllers\\Api\\EmployeeController), 'store')
#13 C:\\JEWISRA\\Inventory-Management-System-Laravel-SPA\\vendor\\laravel\\framework\\src\\Illuminate\\Routing\\Route.php(196): Illuminate\\Routing\\Route->runController()
#14 C:\\JEWISRA\\Inventory-Management-System-Laravel-SPA\\vendor\\laravel\\framework\\src\\Illuminate\\Routing\\Router.php(685): Illuminate\\Routing\\Route->run()
#15 C:\\JEWISRA\\Inventory-Management-System-Laravel-SPA\\vendor\\laravel\\framework\\src\\Illuminate\\Pipeline\\Pipeline.php(128): Illuminate\\Routing\\Router->Illuminate\\Routing\\{closure}(Object(Illuminate\\Http\\Request))
#16 C:\\JEWISRA\\Inventory-Management-System-Laravel-SPA\\vendor\\laravel\\framework\\src\\Illuminate\\Routing\\Middleware\\SubstituteBindings.php(41): Illuminate\\Pipeline\\Pipeline->Illuminate\\Pipeline\\{closure}(Object(Illuminate\\Http\\Request))
#17 C:\\JEWISRA\\Inventory-Management-System-Laravel-SPA\\vendor\\laravel\\framework\\src\\Illuminate\\Pipeline\\Pipeline.php(167): Illuminate\\Routing\\Middleware\\SubstituteBindings->handle(Object(Illuminate\\Http\\Request), Object(Closure))
#18 C:\\JEWISRA\\Inventory-Management-System-Laravel-SPA\\vendor\\laravel\\framework\\src\\Illuminate\\Routing\\Middleware\\ThrottleRequests.php(59): Illuminate\\Pipeline\\Pipeline->Illuminate\\Pipeline\\{closure}(Object(Illuminate\\Http\\Request))
#19 C:\\JEWISRA\\Inventory-Management-System-Laravel-SPA\\vendor\\laravel\\framework\\src\\Illuminate\\Pipeline\\Pipeline.php(167): Illuminate\\Routing\\Middleware\\ThrottleRequests->handle(Object(Illuminate\\Http\\Request), Object(Closure), 60, '1')
#20 C:\\JEWISRA\\Inventory-Management-System-Laravel-SPA\\vendor\\laravel\\framework\\src\\Illuminate\\Pipeline\\Pipeline.php(103): Illuminate\\Pipeline\\Pipeline->Illuminate\\Pipeline\\{closure}(Object(Illuminate\\Http\\Request))
#21 C:\\JEWISRA\\Inventory-Management-System-Laravel-SPA\\vendor\\laravel\\framework\\src\\Illuminate\\Routing\\Router.php(687): Illuminate\\Pipeline\\Pipeline->then(Object(Closure))
#22 C:\\JEWISRA\\Inventory-Management-System-Laravel-SPA\\vendor\\laravel\\framework\\src\\Illuminate\\Routing\\Router.php(662): Illuminate\\Routing\\Router->runRouteWithinStack(Object(Illuminate\\Routing\\Route), Object(Illuminate\\Http\\Request))
#23 C:\\JEWISRA\\Inventory-Management-System-Laravel-SPA\\vendor\\laravel\\framework\\src\\Illuminate\\Routing\\Router.php(628): Illuminate\\Routing\\Router->runRoute(Object(Illuminate\\Http\\Request), Object(Illuminate\\Routing\\Route))
#24 C:\\JEWISRA\\Inventory-Management-System-Laravel-SPA\\vendor\\laravel\\framework\\src\\Illuminate\\Routing\\Router.php(617): Illuminate\\Routing\\Router->dispatchToRoute(Object(Illuminate\\Http\\Request))
#25 C:\\JEWISRA\\Inventory-Management-System-Laravel-SPA\\vendor\\laravel\\framework\\src\\Illuminate\\Foundation\\Http\\Kernel.php(165): Illuminate\\Routing\\Router->dispatch(Object(Illuminate\\Http\\Request))
#26 C:\\JEWISRA\\Inventory-Management-System-Laravel-SPA\\vendor\\laravel\\framework\\src\\Illuminate\\Pipeline\\Pipeline.php(128): Illuminate\\Foundation\\Http\\Kernel->Illuminate\\Foundation\\Http\\{closure}(Object(Illuminate\\Http\\Request))
#27 C:\\JEWISRA\\Inventory-Management-System-Laravel-SPA\\vendor\\laravel\\framework\\src\\Illuminate\\Foundation\\Http\\Middleware\\TransformsRequest.php(21): Illuminate\\Pipeline\\Pipeline->Illuminate\\Pipeline\\{closure}(Object(Illuminate\\Http\\Request))
#28 C:\\JEWISRA\\Inventory-Management-System-Laravel-SPA\\vendor\\laravel\\framework\\src\\Illuminate\\Pipeline\\Pipeline.php(167): Illuminate\\Foundation\\Http\\Middleware\\TransformsRequest->handle(Object(Illuminate\\Http\\Request), Object(Closure))
#29 C:\\JEWISRA\\Inventory-Management-System-Laravel-SPA\\vendor\\laravel\\framework\\src\\Illuminate\\Foundation\\Http\\Middleware\\TransformsRequest.php(21): Illuminate\\Pipeline\\Pipeline->Illuminate\\Pipeline\\{closure}(Object(Illuminate\\Http\\Request))
#30 C:\\JEWISRA\\Inventory-Management-System-Laravel-SPA\\vendor\\laravel\\framework\\src\\Illuminate\\Pipeline\\Pipeline.php(167): Illuminate\\Foundation\\Http\\Middleware\\TransformsRequest->handle(Object(Illuminate\\Http\\Request), Object(Closure))
#31 C:\\JEWISRA\\Inventory-Management-System-Laravel-SPA\\vendor\\laravel\\framework\\src\\Illuminate\\Foundation\\Http\\Middleware\\ValidatePostSize.php(27): Illuminate\\Pipeline\\Pipeline->Illuminate\\Pipeline\\{closure}(Object(Illuminate\\Http\\Request))
#32 C:\\JEWISRA\\Inventory-Management-System-Laravel-SPA\\vendor\\laravel\\framework\\src\\Illuminate\\Pipeline\\Pipeline.php(167): Illuminate\\Foundation\\Http\\Middleware\\ValidatePostSize->handle(Object(Illuminate\\Http\\Request), Object(Closure))
#33 C:\\JEWISRA\\Inventory-Management-System-Laravel-SPA\\vendor\\laravel\\framework\\src\\Illuminate\\Foundation\\Http\\Middleware\\CheckForMaintenanceMode.php(63): Illuminate\\Pipeline\\Pipeline->Illuminate\\Pipeline\\{closure}(Object(Illuminate\\Http\\Request))
#34 C:\\JEWISRA\\Inventory-Management-System-Laravel-SPA\\vendor\\laravel\\framework\\src\\Illuminate\\Pipeline\\Pipeline.php(167): Illuminate\\Foundation\\Http\\Middleware\\CheckForMaintenanceMode->handle(Object(Illuminate\\Http\\Request), Object(Closure))
#35 C:\\JEWISRA\\Inventory-Management-System-Laravel-SPA\\vendor\\fruitcake\\laravel-cors\\src\\HandleCors.php(37): Illuminate\\Pipeline\\Pipeline->Illuminate\\Pipeline\\{closure}(Object(Illuminate\\Http\\Request))
#36 C:\\JEWISRA\\Inventory-Management-System-Laravel-SPA\\vendor\\laravel\\framework\\src\\Illuminate\\Pipeline\\Pipeline.php(167): Fruitcake\\Cors\\HandleCors->handle(Object(Illuminate\\Http\\Request), Object(Closure))
#37 C:\\JEWISRA\\Inventory-Management-System-Laravel-SPA\\vendor\\fideloper\\proxy\\src\\TrustProxies.php(57): Illuminate\\Pipeline\\Pipeline->Illuminate\\Pipeline\\{closure}(Object(Illuminate\\Http\\Request))
#38 C:\\JEWISRA\\Inventory-Management-System-Laravel-SPA\\vendor\\laravel\\framework\\src\\Illuminate\\Pipeline\\Pipeline.php(167): Fideloper\\Proxy\\TrustProxies->handle(Object(Illuminate\\Http\\Request), Object(Closure))
#39 C:\\JEWISRA\\Inventory-Management-System-Laravel-SPA\\vendor\\laravel\\framework\\src\\Illuminate\\Pipeline\\Pipeline.php(103): Illuminate\\Pipeline\\Pipeline->Illuminate\\Pipeline\\{closure}(Object(Illuminate\\Http\\Request))
#40 C:\\JEWISRA\\Inventory-Management-System-Laravel-SPA\\vendor\\laravel\\framework\\src\\Illuminate\\Foundation\\Http\\Kernel.php(140): Illuminate\\Pipeline\\Pipeline->then(Object(Closure))
#41 C:\\JEWISRA\\Inventory-Management-System-Laravel-SPA\\vendor\\laravel\\framework\\src\\Illuminate\\Foundation\\Http\\Kernel.php(109): Illuminate\\Foundation\\Http\\Kernel->sendRequestThroughRouter(Object(Illuminate\\Http\\Request))
#42 C:\\JEWISRA\\Inventory-Management-System-Laravel-SPA\\public\\index.php(55): Illuminate\\Foundation\\Http\\Kernel->handle(Object(Illuminate\\Http\\Request))
#43 C:\\JEWISRA\\Inventory-Management-System-Laravel-SPA\\server.php(21): require_once('C:\\\\JEWISRA\\\\Inve...')
#44 {main}

[previous exception] [object] (PDOException(code: 23000): SQLSTATE[23000]: Integrity constraint violation: 1048 Column 'salary' cannot be null at C:\\JEWISRA\\Inventory-Management-System-Laravel-SPA\\vendor\\laravel\\framework\\src\\Illuminate\\Database\\Connection.php:464)
[stacktrace]
#0 C:\\JEWISRA\\Inventory-Management-System-Laravel-SPA\\vendor\\laravel\\framework\\src\\Illuminate\\Database\\Connection.php(464): PDOStatement->execute()
#1 C:\\JEWISRA\\Inventory-Management-System-Laravel-SPA\\vendor\\laravel\\framework\\src\\Illuminate\\Database\\Connection.php(664): Illuminate\\Database\\Connection->Illuminate\\Database\\{closure}('insert into `em...', Array)
#2 C:\\JEWISRA\\Inventory-Management-System-Laravel-SPA\\vendor\\laravel\\framework\\src\\Illuminate\\Database\\Connection.php(631): Illuminate\\Database\\Connection->runQueryCallback('insert into `em...', Array, Object(Closure))
#3 C:\\JEWISRA\\Inventory-Management-System-Laravel-SPA\\vendor\\laravel\\framework\\src\\Illuminate\\Database\\Connection.php(465): Illuminate\\Database\\Connection->run('insert into `em...', Array, Object(Closure))
#4 C:\\JEWISRA\\Inventory-Management-System-Laravel-SPA\\vendor\\laravel\\framework\\src\\Illuminate\\Database\\Connection.php(417): Illuminate\\Database\\Connection->statement('insert into `em...', Array)
#5 C:\\JEWISRA\\Inventory-Management-System-Laravel-SPA\\vendor\\laravel\\framework\\src\\Illuminate\\Database\\Query\\Processors\\Processor.php(32): Illuminate\\Database\\Connection->insert('insert into `em...', Array)
#6 C:\\JEWISRA\\Inventory-Management-System-Laravel-SPA\\vendor\\laravel\\framework\\src\\Illuminate\\Database\\Query\\Builder.php(2839): Illuminate\\Database\\Query\\Processors\\Processor->processInsertGetId(Object(Illuminate\\Database\\Query\\Builder), 'insert into `em...', Array, 'id')
#7 C:\\JEWISRA\\Inventory-Management-System-Laravel-SPA\\vendor\\laravel\\framework\\src\\Illuminate\\Database\\Eloquent\\Builder.php(1422): Illuminate\\Database\\Query\\Builder->insertGetId(Array, 'id')
#8 C:\\JEWISRA\\Inventory-Management-System-Laravel-SPA\\vendor\\laravel\\framework\\src\\Illuminate\\Database\\Eloquent\\Model.php(902): Illuminate\\Database\\Eloquent\\Builder->__call('insertGetId', Array)
#9 C:\\JEWISRA\\Inventory-Management-System-Laravel-SPA\\vendor\\laravel\\framework\\src\\Illuminate\\Database\\Eloquent\\Model.php(867): Illuminate\\Database\\Eloquent\\Model->insertAndSetId(Object(Illuminate\\Database\\Eloquent\\Builder), Array)
#10 C:\\JEWISRA\\Inventory-Management-System-Laravel-SPA\\vendor\\laravel\\framework\\src\\Illuminate\\Database\\Eloquent\\Model.php(730): Illuminate\\Database\\Eloquent\\Model->performInsert(Object(Illuminate\\Database\\Eloquent\\Builder))
#11 C:\\JEWISRA\\Inventory-Management-System-Laravel-SPA\\app\\Http\\Controllers\\Api\\EmployeeController.php(58): Illuminate\\Database\\Eloquent\\Model->save()
#12 C:\\JEWISRA\\Inventory-Management-System-Laravel-SPA\\vendor\\laravel\\framework\\src\\Illuminate\\Routing\\Controller.php(54): App\\Http\\Controllers\\Api\\EmployeeController->store(Object(Illuminate\\Http\\Request))
#13 C:\\JEWISRA\\Inventory-Management-System-Laravel-SPA\\vendor\\laravel\\framework\\src\\Illuminate\\Routing\\ControllerDispatcher.php(45): Illuminate\\Routing\\Controller->callAction('store', Array)
#14 C:\\JEWISRA\\Inventory-Management-System-Laravel-SPA\\vendor\\laravel\\framework\\src\\Illuminate\\Routing\\Route.php(239): Illuminate\\Routing\\ControllerDispatcher->dispatch(Object(Illuminate\\Routing\\Route), Object(App\\Http\\Controllers\\Api\\EmployeeController), 'store')
#15 C:\\JEWISRA\\Inventory-Management-System-Laravel-SPA\\vendor\\laravel\\framework\\src\\Illuminate\\Routing\\Route.php(196): Illuminate\\Routing\\Route->runController()
#16 C:\\JEWISRA\\Inventory-Management-System-Laravel-SPA\\vendor\\laravel\\framework\\src\\Illuminate\\Routing\\Router.php(685): Illuminate\\Routing\\Route->run()
#17 C:\\JEWISRA\\Inventory-Management-System-Laravel-SPA\\vendor\\laravel\\framework\\src\\Illuminate\\Pipeline\\Pipeline.php(128): Illuminate\\Routing\\Router->Illuminate\\Routing\\{closure}(Object(Illuminate\\Http\\Request))
#18 C:\\JEWISRA\\Inventory-Management-System-Laravel-SPA\\vendor\\laravel\\framework\\src\\Illuminate\\Routing\\Middleware\\SubstituteBindings.php(41): Illuminate\\Pipeline\\Pipeline->Illuminate\\Pipeline\\{closure}(Object(Illuminate\\Http\\Request))
#19 C:\\JEWISRA\\Inventory-Management-System-Laravel-SPA\\vendor\\laravel\\framework\\src\\Illuminate\\Pipeline\\Pipeline.php(167): Illuminate\\Routing\\Middleware\\SubstituteBindings->handle(Object(Illuminate\\Http\\Request), Object(Closure))
#20 C:\\JEWISRA\\Inventory-Management-System-Laravel-SPA\\vendor\\laravel\\framework\\src\\Illuminate\\Routing\\Middleware\\ThrottleRequests.php(59): Illuminate\\Pipeline\\Pipeline->Illuminate\\Pipeline\\{closure}(Object(Illuminate\\Http\\Request))
#21 C:\\JEWISRA\\Inventory-Management-System-Laravel-SPA\\vendor\\laravel\\framework\\src\\Illuminate\\Pipeline\\Pipeline.php(167): Illuminate\\Routing\\Middleware\\ThrottleRequests->handle(Object(Illuminate\\Http\\Request), Object(Closure), 60, '1')
#22 C:\\JEWISRA\\Inventory-Management-System-Laravel-SPA\\vendor\\laravel\\framework\\src\\Illuminate\\Pipeline\\Pipeline.php(103): Illuminate\\Pipeline\\Pipeline->Illuminate\\Pipeline\\{closure}(Object(Illuminate\\Http\\Request))
#23 C:\\JEWISRA\\Inventory-Management-System-Laravel-SPA\\vendor\\laravel\\framework\\src\\Illuminate\\Routing\\Router.php(687): Illuminate\\Pipeline\\Pipeline->then(Object(Closure))
#24 C:\\JEWISRA\\Inventory-Management-System-Laravel-SPA\\vendor\\laravel\\framework\\src\\Illuminate\\Routing\\Router.php(662): Illuminate\\Routing\\Router->runRouteWithinStack(Object(Illuminate\\Routing\\Route), Object(Illuminate\\Http\\Request))
#25 C:\\JEWISRA\\Inventory-Management-System-Laravel-SPA\\vendor\\laravel\\framework\\src\\Illuminate\\Routing\\Router.php(628): Illuminate\\Routing\\Router->runRoute(Object(Illuminate\\Http\\Request), Object(Illuminate\\Routing\\Route))
#26 C:\\JEWISRA\\Inventory-Management-System-Laravel-SPA\\vendor\\laravel\\framework\\src\\Illuminate\\Routing\\Router.php(617): Illuminate\\Routing\\Router->dispatchToRoute(Object(Illuminate\\Http\\Request))
#27 C:\\JEWISRA\\Inventory-Management-System-Laravel-SPA\\vendor\\laravel\\framework\\src\\Illuminate\\Foundation\\Http\\Kernel.php(165): Illuminate\\Routing\\Router->dispatch(Object(Illuminate\\Http\\Request))
#28 C:\\JEWISRA\\Inventory-Management-System-Laravel-SPA\\vendor\\laravel\\framework\\src\\Illuminate\\Pipeline\\Pipeline.php(128): Illuminate\\Foundation\\Http\\Kernel->Illuminate\\Foundation\\Http\\{closure}(Object(Illuminate\\Http\\Request))
#29 C:\\JEWISRA\\Inventory-Management-System-Laravel-SPA\\vendor\\laravel\\framework\\src\\Illuminate\\Foundation\\Http\\Middleware\\TransformsRequest.php(21): Illuminate\\Pipeline\\Pipeline->Illuminate\\Pipeline\\{closure}(Object(Illuminate\\Http\\Request))
#30 C:\\JEWISRA\\Inventory-Management-System-Laravel-SPA\\vendor\\laravel\\framework\\src\\Illuminate\\Pipeline\\Pipeline.php(167): Illuminate\\Foundation\\Http\\Middleware\\TransformsRequest->handle(Object(Illuminate\\Http\\Request), Object(Closure))
#31 C:\\JEWISRA\\Inventory-Management-System-Laravel-SPA\\vendor\\laravel\\framework\\src\\Illuminate\\Foundation\\Http\\Middleware\\TransformsRequest.php(21): Illuminate\\Pipeline\\Pipeline->Illuminate\\Pipeline\\{closure}(Object(Illuminate\\Http\\Request))
#32 C:\\JEWISRA\\Inventory-Management-System-Laravel-SPA\\vendor\\laravel\\framework\\src\\Illuminate\\Pipeline\\Pipeline.php(167): Illuminate\\Foundation\\Http\\Middleware\\TransformsRequest->handle(Object(Illuminate\\Http\\Request), Object(Closure))
#33 C:\\JEWISRA\\Inventory-Management-System-Laravel-SPA\\vendor\\laravel\\framework\\src\\Illuminate\\Foundation\\Http\\Middleware\\ValidatePostSize.php(27): Illuminate\\Pipeline\\Pipeline->Illuminate\\Pipeline\\{closure}(Object(Illuminate\\Http\\Request))
#34 C:\\JEWISRA\\Inventory-Management-System-Laravel-SPA\\vendor\\laravel\\framework\\src\\Illuminate\\Pipeline\\Pipeline.php(167): Illuminate\\Foundation\\Http\\Middleware\\ValidatePostSize->handle(Object(Illuminate\\Http\\Request), Object(Closure))
#35 C:\\JEWISRA\\Inventory-Management-System-Laravel-SPA\\vendor\\laravel\\framework\\src\\Illuminate\\Foundation\\Http\\Middleware\\CheckForMaintenanceMode.php(63): Illuminate\\Pipeline\\Pipeline->Illuminate\\Pipeline\\{closure}(Object(Illuminate\\Http\\Request))
#36 C:\\JEWISRA\\Inventory-Management-System-Laravel-SPA\\vendor\\laravel\\framework\\src\\Illuminate\\Pipeline\\Pipeline.php(167): Illuminate\\Foundation\\Http\\Middleware\\CheckForMaintenanceMode->handle(Object(Illuminate\\Http\\Request), Object(Closure))
#37 C:\\JEWISRA\\Inventory-Management-System-Laravel-SPA\\vendor\\fruitcake\\laravel-cors\\src\\HandleCors.php(37): Illuminate\\Pipeline\\Pipeline->Illuminate\\Pipeline\\{closure}(Object(Illuminate\\Http\\Request))
#38 C:\\JEWISRA\\Inventory-Management-System-Laravel-SPA\\vendor\\laravel\\framework\\src\\Illuminate\\Pipeline\\Pipeline.php(167): Fruitcake\\Cors\\HandleCors->handle(Object(Illuminate\\Http\\Request), Object(Closure))
#39 C:\\JEWISRA\\Inventory-Management-System-Laravel-SPA\\vendor\\fideloper\\proxy\\src\\TrustProxies.php(57): Illuminate\\Pipeline\\Pipeline->Illuminate\\Pipeline\\{closure}(Object(Illuminate\\Http\\Request))
#40 C:\\JEWISRA\\Inventory-Management-System-Laravel-SPA\\vendor\\laravel\\framework\\src\\Illuminate\\Pipeline\\Pipeline.php(167): Fideloper\\Proxy\\TrustProxies->handle(Object(Illuminate\\Http\\Request), Object(Closure))
#41 C:\\JEWISRA\\Inventory-Management-System-Laravel-SPA\\vendor\\laravel\\framework\\src\\Illuminate\\Pipeline\\Pipeline.php(103): Illuminate\\Pipeline\\Pipeline->Illuminate\\Pipeline\\{closure}(Object(Illuminate\\Http\\Request))
#42 C:\\JEWISRA\\Inventory-Management-System-Laravel-SPA\\vendor\\laravel\\framework\\src\\Illuminate\\Foundation\\Http\\Kernel.php(140): Illuminate\\Pipeline\\Pipeline->then(Object(Closure))
#43 C:\\JEWISRA\\Inventory-Management-System-Laravel-SPA\\vendor\\laravel\\framework\\src\\Illuminate\\Foundation\\Http\\Kernel.php(109): Illuminate\\Foundation\\Http\\Kernel->sendRequestThroughRouter(Object(Illuminate\\Http\\Request))
#44 C:\\JEWISRA\\Inventory-Management-System-Laravel-SPA\\public\\index.php(55): Illuminate\\Foundation\\Http\\Kernel->handle(Object(Illuminate\\Http\\Request))
#45 C:\\JEWISRA\\Inventory-Management-System-Laravel-SPA\\server.php(21): require_once('C:\\\\JEWISRA\\\\Inve...')
#46 {main}
"} 
